<?xml version="1.0" encoding="UTF-8"?>
<!-- Generated by org.testng.reporters.JUnitXMLReporter -->
<testsuite ignored="0" hostname="DESKTOP-UVCNVNR" failures="0" tests="5" name="Default test" time="41.978" errors="0" timestamp="2024-05-05T15:35:08 IST">
  <testcase classname="qabible.Simpleformdemo" name="Verify_textsimpleform1" time="0.183"/>
  <testcase classname="qabible.Simpleformdemo" name="Verify_textsimpleform2" time="0.137"/>
  <testcase classname="qabible.Simpleformdemo" name="Verify_textsimpleform3" time="0.165"/>
  <testcase classname="qabible.Simpleformdemo" name="Verify_textsimpleform4" time="0.117"/>
  <testcase classname="qabible.Simpleformdemo" name="Verify_textsimpleform5" time="0.192"/>
</testsuite> <!-- Default test -->
